[INFO] Scanning for projects...
[INFO] 
[INFO] -------------------< com.photographer:photo-gallery >-------------------
[INFO] Building photo-gallery 1.0.0
[INFO]   from pom.xml
[INFO] --------------------------------[ jar ]---------------------------------
[INFO] 
[INFO] >>> spring-boot:3.2.0:run (default-cli) > test-compile @ photo-gallery >>>
[INFO] 
[INFO] --- resources:3.3.1:resources (default-resources) @ photo-gallery ---
[INFO] Copying 1 resource from src\main\resources to target\classes
[INFO] Copying 1 resource from src\main\resources to target\classes
[INFO] 
[INFO] --- compiler:3.11.0:compile (default-compile) @ photo-gallery ---
[INFO] Nothing to compile - all classes are up to date
[INFO] 
[INFO] --- resources:3.3.1:testResources (default-testResources) @ photo-gallery ---
[INFO] skip non existing resourceDirectory C:\Users\themi\Desktop\CoursM1\M2\AcLabProject\backend\src\test\resources
[INFO] 
[INFO] --- compiler:3.11.0:testCompile (default-testCompile) @ photo-gallery ---
[INFO] No sources to compile
[INFO] 
[INFO] <<< spring-boot:3.2.0:run (default-cli) < test-compile @ photo-gallery <<<
[INFO] 
[INFO] 
[INFO] --- spring-boot:3.2.0:run (default-cli) @ photo-gallery ---
[INFO] Attaching agents: []

  .   ____          _            __ _ _
 /\\ / ___'_ __ _ _(_)_ __  __ _ \ \ \ \
( ( )\___ | '_ | '_| | '_ \/ _` | \ \ \ \
 \\/  ___)| |_)| | | | | || (_| |  ) ) ) )
  '  |____| .__|_| |_|_| |_\__, | / / / /
 =========|_|==============|___/=/_/_/_/
 :: Spring Boot ::                (v3.2.0)

2026-03-30T09:58:12.125+02:00  INFO 2132 --- [           main] com.photographer.PhotoApplication        : Starting PhotoApplication using Java 21.0.5 with PID 2132 (C:\Users\themi\Desktop\CoursM1\M2\AcLabProject\backend\target\classes started by themi in C:\Users\themi\Desktop\CoursM1\M2\AcLabProject\backend)
2026-03-30T09:58:12.125+02:00  INFO 2132 --- [           main] com.photographer.PhotoApplication        : No active profile set, falling back to 1 default profile: "default"
2026-03-30T09:58:12.705+02:00  INFO 2132 --- [           main] .s.d.r.c.RepositoryConfigurationDelegate : Bootstrapping Spring Data JPA repositories in DEFAULT mode.
2026-03-30T09:58:12.758+02:00  INFO 2132 --- [           main] .s.d.r.c.RepositoryConfigurationDelegate : Finished Spring Data repository scanning in 49 ms. Found 2 JPA repository interfaces.
2026-03-30T09:58:13.280+02:00  INFO 2132 --- [           main] o.s.b.w.embedded.tomcat.TomcatWebServer  : Tomcat initialized with port 8080 (http)
2026-03-30T09:58:13.290+02:00  INFO 2132 --- [           main] o.apache.catalina.core.StandardService   : Starting service [Tomcat]
2026-03-30T09:58:13.290+02:00  INFO 2132 --- [           main] o.apache.catalina.core.StandardEngine    : Starting Servlet engine: [Apache Tomcat/10.1.16]
2026-03-30T09:58:13.362+02:00  INFO 2132 --- [           main] o.a.c.c.C.[Tomcat].[localhost].[/]       : Initializing Spring embedded WebApplicationContext
2026-03-30T09:58:13.363+02:00  INFO 2132 --- [           main] w.s.c.ServletWebServerApplicationContext : Root WebApplicationContext: initialization completed in 1185 ms
2026-03-30T09:58:13.422+02:00  INFO 2132 --- [           main] com.zaxxer.hikari.HikariDataSource       : HikariPool-1 - Starting...
2026-03-30T09:58:13.568+02:00  INFO 2132 --- [           main] com.zaxxer.hikari.pool.HikariPool        : HikariPool-1 - Added connection org.postgresql.jdbc.PgConnection@671d03bb
2026-03-30T09:58:13.570+02:00  INFO 2132 --- [           main] com.zaxxer.hikari.HikariDataSource       : HikariPool-1 - Start completed.
2026-03-30T09:58:13.637+02:00  INFO 2132 --- [           main] o.hibernate.jpa.internal.util.LogHelper  : HHH000204: Processing PersistenceUnitInfo [name: default]
2026-03-30T09:58:13.690+02:00  INFO 2132 --- [           main] org.hibernate.Version                    : HHH000412: Hibernate ORM core version 6.3.1.Final
2026-03-30T09:58:13.726+02:00  INFO 2132 --- [           main] o.h.c.internal.RegionFactoryInitiator    : HHH000026: Second-level cache disabled
2026-03-30T09:58:13.944+02:00  INFO 2132 --- [           main] o.s.o.j.p.SpringPersistenceUnitInfo      : No LoadTimeWeaver setup: ignoring JPA class transformer
2026-03-30T09:58:13.995+02:00  WARN 2132 --- [           main] org.hibernate.orm.deprecation            : HHH90000025: PostgreSQLDialect does not need to be specified explicitly using 'hibernate.dialect' (remove the property setting and it will be selected by default)
2026-03-30T09:58:14.713+02:00  INFO 2132 --- [           main] o.h.e.t.j.p.i.JtaPlatformInitiator       : HHH000489: No JTA platform available (set 'hibernate.transaction.jta.platform' to enable JTA platform integration)
2026-03-30T09:58:14.763+02:00  INFO 2132 --- [           main] j.LocalContainerEntityManagerFactoryBean : Initialized JPA EntityManagerFactory for persistence unit 'default'
2026-03-30T09:58:15.139+02:00  WARN 2132 --- [           main] JpaBaseConfiguration$JpaWebConfiguration : spring.jpa.open-in-view is enabled by default. Therefore, database queries may be performed during view rendering. Explicitly configure spring.jpa.open-in-view to disable this warning
2026-03-30T09:58:15.329+02:00  INFO 2132 --- [           main] o.s.s.web.DefaultSecurityFilterChain     : Will secure any request with [org.springframework.security.web.session.DisableEncodeUrlFilter@4a9f0360, org.springframework.security.web.context.request.async.WebAsyncManagerIntegrationFilter@6f12b637, org.springframework.security.web.context.SecurityContextHolderFilter@3872867d, org.springframework.security.web.header.HeaderWriterFilter@4d745ac6, org.springframework.web.filter.CorsFilter@eea0b48, org.springframework.security.web.authentication.logout.LogoutFilter@2ecf4b3e, com.photographer.security.JwtAuthenticationFilter@1a5a4f8, org.springframework.security.web.savedrequest.RequestCacheAwareFilter@2e4d252, org.springframework.security.web.servletapi.SecurityContextHolderAwareRequestFilter@3555d804, org.springframework.security.web.authentication.AnonymousAuthenticationFilter@5feb8e9a, org.springframework.security.web.session.SessionManagementFilter@2fbb098f, org.springframework.security.web.access.ExceptionTranslationFilter@6e5fba90, org.springframework.security.web.access.intercept.AuthorizationFilter@65880400]
2026-03-30T09:58:15.481+02:00  INFO 2132 --- [           main] o.s.b.w.embedded.tomcat.TomcatWebServer  : Tomcat started on port 8080 (http) with context path ''
2026-03-30T09:58:15.487+02:00  INFO 2132 --- [           main] com.photographer.PhotoApplication        : Started PhotoApplication in 3.733 seconds (process running for 4.099)
2026-03-30T10:02:54.828+02:00  INFO 2132 --- [nio-8080-exec-1] o.a.c.c.C.[Tomcat].[localhost].[/]       : Initializing Spring DispatcherServlet 'dispatcherServlet'
2026-03-30T10:02:54.828+02:00  INFO 2132 --- [nio-8080-exec-1] o.s.web.servlet.DispatcherServlet        : Initializing Servlet 'dispatcherServlet'
2026-03-30T10:02:54.829+02:00  INFO 2132 --- [nio-8080-exec-1] o.s.web.servlet.DispatcherServlet        : Completed initialization in 1 ms
2026-03-30T10:02:54.863+02:00  WARN 2132 --- [nio-8080-exec-1] o.s.w.s.h.HandlerMappingIntrospector     : Cache miss for REQUEST dispatch to '/api/photos' (previous null). Performing MatchableHandlerMapping lookup. This is logged once only at WARN level, and every time at TRACE.
Hibernate: 
    select
        p1_0.id,
        p1_0.category,
        p1_0.created_at,
        p1_0.description,
        p1_0.image_url,
        p1_0.title 
    from
        photos p1_0 
    order by
        p1_0.created_at desc
Hibernate: 
    select
        p1_0.id,
        p1_0.category,
        p1_0.created_at,
        p1_0.description,
        p1_0.image_url,
        p1_0.title 
    from
        photos p1_0 
    order by
        p1_0.created_at desc
Hibernate: 
    select
        p1_0.id,
        p1_0.category,
        p1_0.created_at,
        p1_0.description,
        p1_0.image_url,
        p1_0.title 
    from
        photos p1_0 
    order by
        p1_0.created_at desc
Hibernate: 
    select
        p1_0.id,
        p1_0.category,
        p1_0.created_at,
        p1_0.description,
        p1_0.image_url,
        p1_0.title 
    from
        photos p1_0 
    order by
        p1_0.created_at desc
Hibernate: 
    select
        p1_0.id,
        p1_0.category,
        p1_0.created_at,
        p1_0.description,
        p1_0.image_url,
        p1_0.title 
    from
        photos p1_0 
    order by
        p1_0.created_at desc
Hibernate: 
    select
        p1_0.id,
        p1_0.category,
        p1_0.created_at,
        p1_0.description,
        p1_0.image_url,
        p1_0.title 
    from
        photos p1_0 
    order by
        p1_0.created_at desc
Hibernate: 
    select
        u1_0.id 
    from
        users u1_0 
    where
        u1_0.email=? 
    fetch
        first ? rows only
Hibernate: 
    insert 
    into
        users
        (created_at, email, password) 
    values
        (?, ?, ?)
Hibernate: 
    select
        p1_0.id,
        p1_0.category,
        p1_0.created_at,
        p1_0.description,
        p1_0.image_url,
        p1_0.title 
    from
        photos p1_0 
    order by
        p1_0.created_at desc
Hibernate: 
    select
        p1_0.id,
        p1_0.category,
        p1_0.created_at,
        p1_0.description,
        p1_0.image_url,
        p1_0.title 
    from
        photos p1_0 
    order by
        p1_0.created_at desc
Hibernate: 
    select
        p1_0.id,
        p1_0.category,
        p1_0.created_at,
        p1_0.description,
        p1_0.image_url,
        p1_0.title 
    from
        photos p1_0 
    order by
        p1_0.created_at desc
Hibernate: 
    select
        p1_0.id,
        p1_0.category,
        p1_0.created_at,
        p1_0.description,
        p1_0.image_url,
        p1_0.title 
    from
        photos p1_0 
    order by
        p1_0.created_at desc
Hibernate: 
    select
        p1_0.id,
        p1_0.category,
        p1_0.created_at,
        p1_0.description,
        p1_0.image_url,
        p1_0.title 
    from
        photos p1_0 
    order by
        p1_0.created_at desc
Hibernate: 
    select
        p1_0.id,
        p1_0.category,
        p1_0.created_at,
        p1_0.description,
        p1_0.image_url,
        p1_0.title 
    from
        photos p1_0 
    order by
        p1_0.created_at desc
Hibernate: 
    select
        p1_0.id,
        p1_0.category,
        p1_0.created_at,
        p1_0.description,
        p1_0.image_url,
        p1_0.title 
    from
        photos p1_0 
    order by
        p1_0.created_at desc
Hibernate: 
    select
        p1_0.id,
        p1_0.category,
        p1_0.created_at,
        p1_0.description,
        p1_0.image_url,
        p1_0.title 
    from
        photos p1_0 
    order by
        p1_0.created_at desc
Hibernate: 
    select
        u1_0.id,
        u1_0.created_at,
        u1_0.email,
        u1_0.password 
    from
        users u1_0 
    where
        u1_0.email=?
Hibernate: 
    select
        u1_0.id,
        u1_0.created_at,
        u1_0.email,
        u1_0.password 
    from
        users u1_0 
    where
        u1_0.email=?
Hibernate: 
    select
        p1_0.id,
        p1_0.category,
        p1_0.created_at,
        p1_0.description,
        p1_0.image_url,
        p1_0.title 
    from
        photos p1_0 
    order by
        p1_0.created_at desc
Hibernate: 
    select
        p1_0.id,
        p1_0.category,
        p1_0.created_at,
        p1_0.description,
        p1_0.image_url,
        p1_0.title 
    from
        photos p1_0 
    order by
        p1_0.created_at desc
Hibernate: 
    select
        u1_0.id,
        u1_0.created_at,
        u1_0.email,
        u1_0.password 
    from
        users u1_0 
    where
        u1_0.email=?
Hibernate: 
    select
        u1_0.id,
        u1_0.created_at,
        u1_0.email,
        u1_0.password 
    from
        users u1_0 
    where
        u1_0.email=?
Hibernate: 
    select
        u1_0.id,
        u1_0.created_at,
        u1_0.email,
        u1_0.password 
    from
        users u1_0 
    where
        u1_0.email=?
Hibernate: 
    select
        p1_0.id,
        p1_0.category,
        p1_0.created_at,
        p1_0.description,
        p1_0.image_url,
        p1_0.title 
    from
        photos p1_0 
    order by
        p1_0.created_at desc
Hibernate: 
    select
        p1_0.id,
        p1_0.category,
        p1_0.created_at,
        p1_0.description,
        p1_0.image_url,
        p1_0.title 
    from
        photos p1_0 
    order by
        p1_0.created_at desc
